<?xml version="1.0" encoding="UTF-8"?>
<testng-results skipped="0" failed="0" total="1" passed="1">
  <reporter-output>
  </reporter-output>
  <suite name="Default suite" duration-ms="26094" started-at="2016-02-21T16:43:36Z" finished-at="2016-02-21T16:44:02Z">
    <groups>
    </groups>
    <test name="Default test" duration-ms="26094" started-at="2016-02-21T16:43:36Z" finished-at="2016-02-21T16:44:02Z">
      <class name="ExplicitWaitTwo">
        <test-method status="PASS" signature="setup()[pri:0, instance:ExplicitWaitTwo@16494e4a]" name="setup" is-config="true" duration-ms="9811" started-at="2016-02-21T22:13:36Z" finished-at="2016-02-21T22:13:46Z">
          <reporter-output>
          </reporter-output>
        </test-method> <!-- setup -->
        <test-method status="PASS" signature="test()[pri:0, instance:ExplicitWaitTwo@16494e4a]" name="test" duration-ms="16262" started-at="2016-02-21T22:13:46Z" finished-at="2016-02-21T22:14:02Z">
          <reporter-output>
          </reporter-output>
        </test-method> <!-- test -->
        <test-method status="PASS" signature="teardown()[pri:0, instance:ExplicitWaitTwo@16494e4a]" name="teardown" is-config="true" duration-ms="1" started-at="2016-02-21T22:14:02Z" finished-at="2016-02-21T22:14:02Z">
          <reporter-output>
          </reporter-output>
        </test-method> <!-- teardown -->
      </class> <!-- ExplicitWaitTwo -->
    </test> <!-- Default test -->
  </suite> <!-- Default suite -->
</testng-results>
